#
# There is insufficient memory for the Java Runtime Environment to continue.
# Native memory allocation (mmap) failed to map 123731968 bytes for Failed to commit area from 0x000000008a800000 to 0x0000000091e00000 of length 123731968.
# Possible reasons:
#   The system is out of physical RAM or swap space
#   The process is running with CompressedOops enabled, and the Java Heap may be blocking the growth of the native heap
# Possible solutions:
#   Reduce memory load on the system
#   Increase physical memory or swap space
#   Check if swap backing store is full
#   Decrease Java heap size (-Xmx/-Xms)
#   Decrease number of Java threads
#   Decrease Java thread stack sizes (-Xss)
#   Set larger code cache with -XX:ReservedCodeCacheSize=
# This output file may be truncated or incomplete.
#
#  Out of Memory Error (./src/hotspot/os/windows/os_windows.cpp:3387), pid=19948, tid=29340
#
# JRE version:  (11.0.14.1+1) (build )
# Java VM: OpenJDK 64-Bit Server VM (11.0.14.1+1, mixed mode, sharing, tiered, compressed oops, g1 gc, windows-amd64)
# No core dump will be written. Minidumps are not enabled by default on client versions of Windows
#

---------------  S U M M A R Y ------------

Command Line: 

Host: AMD Ryzen 5 5500U with Radeon Graphics         , 12 cores, 7G,  Windows 11 , 64 bit Build 22621 (10.0.22621.3958)
Time: Mon Oct 28 20:03:15 2024 SE Asia Standard Time elapsed time: 0.016925 seconds (0d 0h 0m 0s)

---------------  T H R E A D  ---------------

Current thread (0x00000297cb215000):  JavaThread "Unknown thread" [_thread_in_vm, id=29340, stack(0x000000c7ea600000,0x000000c7ea700000)]

Stack: [0x000000c7ea600000,0x000000c7ea700000]
Native frames: (J=compiled Java code, j=interpreted, Vv=VM code, C=native code)
V  [jvm.dll+0x61e59a]
V  [jvm.dll+0x7aaca9]
V  [jvm.dll+0x7ac398]
V  [jvm.dll+0x7aca73]
V  [jvm.dll+0x24f9b8]
V  [jvm.dll+0x61b83a]
V  [jvm.dll+0x6100c5]
V  [jvm.dll+0x30772c]
V  [jvm.dll+0x3075b2]
V  [jvm.dll+0x30c2d6]
V  [jvm.dll+0x35272f]
V  [jvm.dll+0x352160]
V  [jvm.dll+0x2e4728]
V  [jvm.dll+0x2e5886]
V  [jvm.dll+0x784b07]
V  [jvm.dll+0x78628f]
V  [jvm.dll+0x35f479]
V  [jvm.dll+0x767aa0]
V  [jvm.dll+0x3ccf1f]
V  [jvm.dll+0x3cf2b1]
C  [jli.dll+0x5207]
C  [ucrtbase.dll+0x29333]
C  [KERNEL32.DLL+0x1257d]
C  [ntdll.dll+0x5af08]


---------------  P R O C E S S  ---------------

Threads class SMR info:
_java_thread_list=0x00000297c9037840, length=0, elements={
}

Java Threads: ( => current thread )

Other Threads:
  0x00000297cb230000 GCTaskThread "GC Thread#0" [stack: 0x000000c7ea700000,0x000000c7ea800000] [id=12796]
  0x00000297cb25d800 ConcurrentGCThread "G1 Main Marker" [stack: 0x000000c7ea800000,0x000000c7ea900000] [id=14088]
  0x00000297cb25f800 ConcurrentGCThread "G1 Conc#0" [stack: 0x000000c7ea900000,0x000000c7eaa00000] [id=23104]

[error occurred during error reporting (printing all threads), id 0xc0000005, EXCEPTION_ACCESS_VIOLATION (0xc0000005) at pc=0x00007ffa4dd23ef7]

VM state:not at safepoint (not fully initialized)

VM Mutex/Monitor currently owned by a thread:  ([mutex/lock_event])
[0x00000297cb213660] Heap_lock - owner thread: 0x00000297cb215000

Heap address: 0x000000008a800000, size: 1880 MB, Compressed Oops mode: Non-zero based: 0x000000008a800000
Narrow klass base: 0x0000000000000000, Narrow klass shift: 0

GC Heap History (0 events):
No events

Deoptimization events (0 events):
No events

Classes redefined (0 events):
No events

Internal exceptions (0 events):
No events

Events (1 events):
Event: 0.011 Loaded shared library C:\Program Files\Unity\Hub\Editor\2022.3.31f1\Editor\Data\PlaybackEngines\AndroidPlayer\OpenJDK\bin\zip.dll


Dynamic libraries:
0x00007ff6cea80000 - 0x00007ff6cea8d000 	C:\Program Files\Unity\Hub\Editor\2022.3.31f1\Editor\Data\PlaybackEngines\AndroidPlayer\OpenJDK\bin\java.exe
0x00007ffaf9a50000 - 0x00007ffaf9c67000 	C:\WINDOWS\SYSTEM32\ntdll.dll
0x00007ffaf82e0000 - 0x00007ffaf83a4000 	C:\WINDOWS\System32\KERNEL32.DLL
0x00007ffaf7240000 - 0x00007ffaf75f7000 	C:\WINDOWS\System32\KERNELBASE.dll
0x000000006cc60000 - 0x000000006cf92000 	C:\Program Files\Norton Security\NortonData\22.23.5.106\Definitions\IPSDefs\20240528.066\IPSEng64.dll
0x00007ffaf8b30000 - 0x00007ffaf8be2000 	C:\WINDOWS\System32\ADVAPI32.dll
0x00007ffaf81f0000 - 0x00007ffaf8297000 	C:\WINDOWS\System32\msvcrt.dll
0x00007ffaf9780000 - 0x00007ffaf9828000 	C:\WINDOWS\System32\sechost.dll
0x00007ffaf7750000 - 0x00007ffaf7778000 	C:\WINDOWS\System32\bcrypt.dll
0x00007ffaf9570000 - 0x00007ffaf9684000 	C:\WINDOWS\System32\RPCRT4.dll
0x00007ffaf82d0000 - 0x00007ffaf82d8000 	C:\WINDOWS\System32\PSAPI.DLL
0x00007ffaf7000000 - 0x00007ffaf7111000 	C:\WINDOWS\System32\ucrtbase.dll
0x00007ffac4530000 - 0x00007ffac4547000 	C:\Program Files\Unity\Hub\Editor\2022.3.31f1\Editor\Data\PlaybackEngines\AndroidPlayer\OpenJDK\bin\jli.dll
0x00007ffac29a0000 - 0x00007ffac29b5000 	C:\Program Files\Unity\Hub\Editor\2022.3.31f1\Editor\Data\PlaybackEngines\AndroidPlayer\OpenJDK\bin\VCRUNTIME140.dll
0x00007ffaf83b0000 - 0x00007ffaf855f000 	C:\WINDOWS\System32\USER32.dll
0x00007ffaf7600000 - 0x00007ffaf7626000 	C:\WINDOWS\System32\win32u.dll
0x00007ffad77d0000 - 0x00007ffad7a63000 	C:\WINDOWS\WinSxS\amd64_microsoft.windows.common-controls_6595b64144ccf1df_6.0.22621.3672_none_2713b9d173822955\COMCTL32.dll
0x00007ffaf82a0000 - 0x00007ffaf82c9000 	C:\WINDOWS\System32\GDI32.dll
0x00007ffaf7630000 - 0x00007ffaf7748000 	C:\WINDOWS\System32\gdi32full.dll
0x00007ffaf7120000 - 0x00007ffaf71ba000 	C:\WINDOWS\System32\msvcp_win.dll
0x00007ffaf7b50000 - 0x00007ffaf7b81000 	C:\WINDOWS\System32\IMM32.DLL
0x00007ffabe320000 - 0x00007ffabe3bb000 	C:\Program Files\Unity\Hub\Editor\2022.3.31f1\Editor\Data\PlaybackEngines\AndroidPlayer\OpenJDK\bin\msvcp140.dll
0x00007ffa4da30000 - 0x00007ffa4e5b1000 	C:\Program Files\Unity\Hub\Editor\2022.3.31f1\Editor\Data\PlaybackEngines\AndroidPlayer\OpenJDK\bin\server\jvm.dll
0x00007ffaf1700000 - 0x00007ffaf1709000 	C:\WINDOWS\SYSTEM32\WSOCK32.dll
0x00007ffaf7890000 - 0x00007ffaf7901000 	C:\WINDOWS\System32\WS2_32.dll
0x00007ffaf1290000 - 0x00007ffaf12c4000 	C:\WINDOWS\SYSTEM32\WINMM.dll
0x00007ffaeea80000 - 0x00007ffaeea8a000 	C:\WINDOWS\SYSTEM32\VERSION.dll
0x00007ffaf5d70000 - 0x00007ffaf5d88000 	C:\WINDOWS\SYSTEM32\kernel.appcore.dll
0x00007ffac2990000 - 0x00007ffac29a0000 	C:\Program Files\Unity\Hub\Editor\2022.3.31f1\Editor\Data\PlaybackEngines\AndroidPlayer\OpenJDK\bin\verify.dll
0x00007ffaedb00000 - 0x00007ffaedd32000 	C:\WINDOWS\SYSTEM32\DBGHELP.DLL
0x00007ffaf86c0000 - 0x00007ffaf8a4e000 	C:\WINDOWS\System32\combase.dll
0x00007ffaf9690000 - 0x00007ffaf9767000 	C:\WINDOWS\System32\OLEAUT32.dll
0x00007ffaddd70000 - 0x00007ffaddda2000 	C:\WINDOWS\SYSTEM32\dbgcore.DLL
0x00007ffaf71c0000 - 0x00007ffaf723b000 	C:\WINDOWS\System32\bcryptPrimitives.dll
0x00007ffac26b0000 - 0x00007ffac26d8000 	C:\Program Files\Unity\Hub\Editor\2022.3.31f1\Editor\Data\PlaybackEngines\AndroidPlayer\OpenJDK\bin\java.dll
0x00007ffac2730000 - 0x00007ffac273a000 	C:\Program Files\Unity\Hub\Editor\2022.3.31f1\Editor\Data\PlaybackEngines\AndroidPlayer\OpenJDK\bin\jimage.dll
0x00007ffabe1c0000 - 0x00007ffabe1d8000 	C:\Program Files\Unity\Hub\Editor\2022.3.31f1\Editor\Data\PlaybackEngines\AndroidPlayer\OpenJDK\bin\zip.dll

dbghelp: loaded successfully - version: 4.0.5 - missing functions: none
symbol engine: initialized successfully - sym options: 0x614 - pdb path: .;C:\Program Files\Unity\Hub\Editor\2022.3.31f1\Editor\Data\PlaybackEngines\AndroidPlayer\OpenJDK\bin;C:\WINDOWS\SYSTEM32;C:\Program Files\Norton Security\NortonData\22.23.5.106\Definitions\IPSDefs\20240528.066;C:\WINDOWS\WinSxS\amd64_microsoft.windows.common-controls_6595b64144ccf1df_6.0.22621.3672_none_2713b9d173822955;C:\Program Files\Unity\Hub\Editor\2022.3.31f1\Editor\Data\PlaybackEngines\AndroidPlayer\OpenJDK\bin\server

VM Arguments:
java_command: <unknown>
java_class_path (initial): <not set>
Launcher Type: SUN_STANDARD

[Global flags]
     intx CICompilerCount                          = 4                                         {product} {ergonomic}
     uint ConcGCThreads                            = 3                                         {product} {ergonomic}
     uint G1ConcRefinementThreads                  = 10                                        {product} {ergonomic}
   size_t G1HeapRegionSize                         = 1048576                                   {product} {ergonomic}
    uintx GCDrainStackTargetSize                   = 64                                        {product} {ergonomic}
   size_t InitialHeapSize                          = 123731968                                 {product} {ergonomic}
   size_t MarkStackSize                            = 4194304                                   {product} {ergonomic}
   size_t MaxHeapSize                              = 1971322880                                {product} {ergonomic}
   size_t MinHeapDeltaBytes                        = 1048576                                   {product} {ergonomic}
    uintx NonNMethodCodeHeapSize                   = 5836300                                {pd product} {ergonomic}
    uintx NonProfiledCodeHeapSize                  = 122910970                              {pd product} {ergonomic}
    uintx ProfiledCodeHeapSize                     = 122910970                              {pd product} {ergonomic}
    uintx ReservedCodeCacheSize                    = 251658240                              {pd product} {ergonomic}
     bool SegmentedCodeCache                       = true                                      {product} {ergonomic}
     bool UseCompressedClassPointers               = true                                 {lp64_product} {ergonomic}
     bool UseCompressedOops                        = true                                 {lp64_product} {ergonomic}
     bool UseG1GC                                  = true                                      {product} {ergonomic}
     bool UseLargePagesIndividualAllocation        = false                                  {pd product} {ergonomic}

Logging:
Log output configuration:
 #0: stdout all=warning uptime,level,tags
 #1: stderr all=off uptime,level,tags

Environment Variables:
JAVA_HOME=C:/Program Files/Unity/Hub/Editor/2022.3.31f1/Editor/Data/PlaybackEngines/AndroidPlayer\OpenJDK
PATH=C:\Program Files\Common Files\Oracle\Java\javapath;C:\Windows\system32;C:\Windows;C:\Windows\System32\Wbem;C:\Windows\System32\WindowsPowerShell\v1.0\;C:\Windows\System32\OpenSSH\;C:\Program Files (x86)\NVIDIA Corporation\PhysX\Common;C:\Program Files\NVIDIA Corporation\NVIDIA NvDLISR;C:\WINDOWS\system32;C:\WINDOWS;C:\WINDOWS\System32\Wbem;C:\WINDOWS\System32\WindowsPowerShell\v1.0\;C:\WINDOWS\System32\OpenSSH\;C:\Program Files\Java\jdk-18.0.2.1\bin;C:\Program Files\Microsoft SQL Server\150\Tools\Binn\;C:\Program Files\dotnet\;C:\Program Files (x86)\Microsoft SQL Server\160\Tools\Binn\;C:\Program Files\Microsoft SQL Server\160\Tools\Binn\;C:\Program Files\Microsoft SQL Server\Client SDK\ODBC\170\Tools\Binn\;C:\Program Files\Microsoft SQL Server\160\DTS\Binn\;C:\Program Files (x86)\Microsoft SQL Server\160\DTS\Binn\;C:\Program Files\Git\cmd;C:\Users\phamv\AppData\Local\Programs\Python\Launcher\;C:\Users\phamv\AppData\Local\Microsoft\WindowsApps;C:\Users\phamv\.dotnet\tools;C:\Users\phamv\AppData\Local\Programs\Microsoft VS Code\bin
USERNAME=phamv
OS=Windows_NT
PROCESSOR_IDENTIFIER=AMD64 Family 23 Model 104 Stepping 1, AuthenticAMD



---------------  S Y S T E M  ---------------

OS: Windows 11 , 64 bit Build 22621 (10.0.22621.3958)
OS uptime: 7 days 13:52 hours
Hyper-V role detected

CPU:total 12 (initial active 12) (12 cores per cpu, 2 threads per core) family 23 model 104 stepping 1 microcode 0x0, cmov, cx8, fxsr, mmx, sse, sse2, sse3, ssse3, sse4.1, sse4.2, popcnt, avx, avx2, aes, clmul, mmxext, 3dnowpref, lzcnt, sse4a, ht, tsc, tscinvbit, tscinv, bmi1, bmi2, adx, sha, fma

Memory: 4k page, system-wide physical 7514M (489M free)
TotalPageFile size 21626M (AvailPageFile size 107M)
current process WorkingSet (physical memory assigned to process): 12M, peak: 12M
current process commit charge ("private bytes"): 65M, peak: 182M

vm_info: OpenJDK 64-Bit Server VM (11.0.14.1+1) for windows-amd64 JRE (11.0.14.1+1), built on Feb  9 2022 01:48:27 by "" with unknown MS VC++:1916

END.
